Scenario - 
Logfile written - 07/24/2015 11:49:10

Subject	Trial	Event Type	Code	Time	TTime	Uncertainty	Duration	Uncertainty	ReqTime	ReqDur	Stim Type	Pair Index

SPN01_CMH_0012_01_01	1	Picture	MRI_start	166	0	2	58342	3	0	next	hit	2
SPN01_CMH_0012_01_01	1	Response	101	58379	58213	1
SPN01_CMH_0012_01_01	4	Video	vid_4	191573	0	1			0		other	0
SPN01_CMH_0012_01_01	5	Picture	scale	191740	0	1	167	2	0	100	other	0
SPN01_CMH_0012_01_01	5	Response	102	428087	236347	34
SPN01_CMH_0012_01_01	6	Picture	rating_equal_to4	428449	0	1	335	2	0	100	other	0
SPN01_CMH_0012_01_01	6	Response	103	550917	122468	1
SPN01_CMH_0012_01_01	7	Picture	rating_equal_to5	550983	0	1	335	2	0	100	other	0
SPN01_CMH_0012_01_01	7	Response	103	572276	21293	2
SPN01_CMH_0012_01_01	8	Picture	rating_equal_to6	572548	0	1	335	2	0	100	other	0
SPN01_CMH_0012_01_01	8	Response	102	659626	87078	1
SPN01_CMH_0012_01_01	9	Picture	rating_equal_to5	659642	0	1	334	2	0	100	other	0
SPN01_CMH_0012_01_01	9	Response	102	664043	4401	23
SPN01_CMH_0012_01_01	10	Picture	rating_equal_to4	664323	0	1	334	2	0	100	other	0
SPN01_CMH_0012_01_01	10	Response	103	685085	20762	1
SPN01_CMH_0012_01_01	11	Picture	rating_equal_to5	685219	0	1	334	2	0	100	other	0
SPN01_CMH_0012_01_01	11	Response	102	727094	41875	1
SPN01_CMH_0012_01_01	12	Picture	rating_equal_to4	727178	0	1	167	2	0	100	other	0
SPN01_CMH_0012_01_01	12	Response	103	758053	30875	2
SPN01_CMH_0012_01_01	13	Picture	rating_equal_to5	758104	0	1	334	2	0	100	other	0
SPN01_CMH_0012_01_01	13	Response	103	811683	53579	1
SPN01_CMH_0012_01_01	14	Picture	rating_equal_to6	811764	0	2	335	3	0	100	other	0
SPN01_CMH_0012_01_01	14	Response	103	887151	75387	1
SPN01_CMH_0012_01_01	15	Picture	rating_equal_to7	887324	0	1	335	2	0	100	other	0
SPN01_CMH_0012_01_01	15	Response	103	898181	10857	1
SPN01_CMH_0012_01_01	16	Picture	rating_equal_to8	898357	0	1	335	2	0	100	other	0
SPN01_CMH_0012_01_01	16	Response	103	1079970	181613	19
SPN01_CMH_0012_01_01	17	Picture	rating_equal_to9	1080235	0	2	335	3	0	100	other	0
SPN01_CMH_0012_01_01	17	Response	102	1309951	229716	35
SPN01_CMH_0012_01_01	18	Picture	rating_equal_to8	1310258	0	1	334	2	0	100	other	0
SPN01_CMH_0012_01_01	18	Response	103	1375663	65405	1
SPN01_CMH_0012_01_01	19	Picture	rating_equal_to9	1375788	0	1	334	2	0	100	other	0
SPN01_CMH_0012_01_01	19	Response	102	1649268	273480	2
SPN01_CMH_0012_01_01	20	Picture	rating_equal_to8	1649441	0	1	334	2	0	100	other	0
SPN01_CMH_0012_01_01	20	Response	103	1706848	57407	1
SPN01_CMH_0012_01_01	21	Picture	rating_equal_to9	1706946	0	2	335	3	0	100	other	0
SPN01_CMH_0012_01_01	24	Video	cvid_1	1947144	0	191			0		other	0
SPN01_CMH_0012_01_01	25	Picture	cscale	1947500	0	2	168	3	0	100	other	0
SPN01_CMH_0012_01_01	25	Response	102	1982933	35433	1
SPN01_CMH_0012_01_01	26	Picture	rating_equal_to4	1983107	0	1	334	3	0	100	other	0
SPN01_CMH_0012_01_01	26	Response	102	1995632	12525	12
SPN01_CMH_0012_01_01	27	Picture	rating_equal_to3	1995979	0	1	334	2	0	100	other	0
SPN01_CMH_0012_01_01	27	Response	103	2002666	6687	18
SPN01_CMH_0012_01_01	28	Picture	rating_equal_to4	2003000	0	1	334	3	0	100	other	0
SPN01_CMH_0012_01_01	28	Response	103	2006592	3592	1
SPN01_CMH_0012_01_01	29	Picture	rating_equal_to5	2006678	0	1	334	2	0	100	other	0
SPN01_CMH_0012_01_01	29	Response	102	2035401	28723	3
SPN01_CMH_0012_01_01	30	Picture	rating_equal_to4	2035598	0	1	334	2	0	100	other	0
SPN01_CMH_0012_01_01	30	Response	103	2040772	5174	1
SPN01_CMH_0012_01_01	31	Picture	rating_equal_to5	2040947	0	1	334	2	0	100	other	0
SPN01_CMH_0012_01_01	31	Response	103	2043801	2854	1
SPN01_CMH_0012_01_01	32	Picture	rating_equal_to6	2043956	0	1	334	2	0	100	other	0
SPN01_CMH_0012_01_01	32	Response	103	2050721	6765	22
SPN01_CMH_0012_01_01	33	Picture	rating_equal_to7	2050977	0	1	334	3	0	100	other	0
SPN01_CMH_0012_01_01	33	Response	102	2088417	37440	5
SPN01_CMH_0012_01_01	34	Picture	rating_equal_to6	2088757	0	1	334	2	0	100	other	0
SPN01_CMH_0012_01_01	34	Response	102	2091160	2403	2
SPN01_CMH_0012_01_01	35	Picture	rating_equal_to5	2091432	0	1	334	2	0	100	other	0
SPN01_CMH_0012_01_01	35	Response	103	2123260	31828	2
SPN01_CMH_0012_01_01	36	Picture	rating_equal_to6	2123361	0	1	334	2	0	100	other	0
SPN01_CMH_0012_01_01	36	Response	103	2167309	43948	2
SPN01_CMH_0012_01_01	37	Picture	rating_equal_to7	2167493	0	1	334	2	0	100	other	0
SPN01_CMH_0012_01_01	37	Response	103	2208543	41050	38
SPN01_CMH_0012_01_01	38	Picture	rating_equal_to8	2208783	0	1	335	2	0	100	other	0
SPN01_CMH_0012_01_01	38	Response	102	2240828	32045	1
SPN01_CMH_0012_01_01	39	Picture	rating_equal_to7	2240879	0	1	335	2	0	100	other	0
SPN01_CMH_0012_01_01	39	Response	102	2243378	2499	1
SPN01_CMH_0012_01_01	40	Picture	rating_equal_to6	2243554	0	1	334	3	0	100	other	0
SPN01_CMH_0012_01_01	40	Response	102	2246038	2484	1
SPN01_CMH_0012_01_01	41	Picture	rating_equal_to5	2246229	0	1	334	2	0	100	other	0
SPN01_CMH_0012_01_01	41	Response	103	2274798	28569	1
SPN01_CMH_0012_01_01	42	Picture	rating_equal_to6	2274814	0	1	168	2	0	100	other	0
SPN01_CMH_0012_01_01	42	Response	103	2278217	3403	1
SPN01_CMH_0012_01_01	43	Picture	rating_equal_to7	2278325	0	1	334	2	0	100	other	0
SPN01_CMH_0012_01_01	43	Response	103	2282538	4213	1
SPN01_CMH_0012_01_01	44	Picture	rating_equal_to8	2282671	0	1	335	2	0	100	other	0
SPN01_CMH_0012_01_01	44	Response	102	2311917	29246	1
SPN01_CMH_0012_01_01	45	Picture	rating_equal_to7	2312093	0	1	334	2	0	100	other	0
SPN01_CMH_0012_01_01	48	Video	vid_2	2398853	0	1			0		other	0
SPN01_CMH_0012_01_01	49	Picture	rating_equal_to9	2399020	0	1	167	2	0	100	other	0
SPN01_CMH_0012_01_01	49	Response	103	2445065	46045	1
SPN01_CMH_0012_01_01	50	Picture	rating_equal_to6	2445158	0	1	334	3	0	100	other	0
SPN01_CMH_0012_01_01	50	Response	102	2618762	173604	1
SPN01_CMH_0012_01_01	51	Picture	rating_equal_to5	2618845	0	1	334	3	0	100	other	0
SPN01_CMH_0012_01_01	51	Response	102	2622001	3156	2
SPN01_CMH_0012_01_01	52	Picture	rating_equal_to4	2622021	0	2	335	3	0	100	other	0
SPN01_CMH_0012_01_01	52	Response	103	2719000	96979	1
SPN01_CMH_0012_01_01	53	Picture	rating_equal_to5	2719146	0	1	334	2	0	100	other	0
SPN01_CMH_0012_01_01	53	Response	102	2766244	47098	36
SPN01_CMH_0012_01_01	54	Picture	rating_equal_to4	2766621	0	1	335	2	0	100	other	0
SPN01_CMH_0012_01_01	54	Response	102	2778669	12048	1
SPN01_CMH_0012_01_01	55	Picture	rating_equal_to3	2778824	0	1	335	2	0	100	other	0
SPN01_CMH_0012_01_01	55	Response	103	2905057	126233	1
SPN01_CMH_0012_01_01	56	Picture	rating_equal_to4	2905203	0	1	334	2	0	100	other	0
SPN01_CMH_0012_01_01	56	Response	103	2923368	18165	12
SPN01_CMH_0012_01_01	57	Picture	rating_equal_to5	2923591	0	2	335	3	0	100	other	0
SPN01_CMH_0012_01_01	57	Response	102	2936386	12795	1
SPN01_CMH_0012_01_01	58	Picture	rating_equal_to4	2936631	0	1	334	2	0	100	other	0
SPN01_CMH_0012_01_01	58	Response	102	2940036	3405	1
SPN01_CMH_0012_01_01	59	Picture	rating_equal_to3	2940141	0	1	334	2	0	100	other	0
SPN01_CMH_0012_01_01	59	Response	103	3122013	181872	1
SPN01_CMH_0012_01_01	60	Picture	rating_equal_to4	3122186	0	2	335	3	0	100	other	0
SPN01_CMH_0012_01_01	60	Response	103	3125433	3247	1
SPN01_CMH_0012_01_01	61	Picture	rating_equal_to5	3125530	0	1	334	2	0	100	other	0
SPN01_CMH_0012_01_01	61	Response	102	3392468	266938	1
SPN01_CMH_0012_01_01	62	Picture	rating_equal_to4	3392663	0	2	335	3	0	100	other	0
SPN01_CMH_0012_01_01	62	Response	102	3403222	10559	7
SPN01_CMH_0012_01_01	63	Picture	rating_equal_to3	3403529	0	1	335	2	0	100	other	0
SPN01_CMH_0012_01_01	63	Response	103	3518888	115359	10
SPN01_CMH_0012_01_01	64	Picture	rating_equal_to4	3519209	0	1	335	2	0	100	other	0
SPN01_CMH_0012_01_01	64	Response	103	3522296	3087	1
SPN01_CMH_0012_01_01	65	Picture	rating_equal_to5	3522553	0	1	334	2	0	100	other	0
SPN01_CMH_0012_01_01	65	Response	102	3535566	13013	1
SPN01_CMH_0012_01_01	66	Picture	rating_equal_to4	3535759	0	1	334	2	0	100	other	0
SPN01_CMH_0012_01_01	66	Response	102	3553086	17327	1
SPN01_CMH_0012_01_01	67	Picture	rating_equal_to3	3553311	0	1	335	2	0	100	other	0
SPN01_CMH_0012_01_01	67	Response	103	3620905	67594	1
SPN01_CMH_0012_01_01	68	Picture	rating_equal_to4	3621014	0	1	335	2	0	100	other	0
SPN01_CMH_0012_01_01	68	Response	103	3624601	3587	25
SPN01_CMH_0012_01_01	69	Picture	rating_equal_to5	3624859	0	1	334	3	0	100	other	0
SPN01_CMH_0012_01_01	69	Response	103	3629484	4625	1
SPN01_CMH_0012_01_01	70	Picture	rating_equal_to6	3629540	0	1	334	2	0	100	other	0
SPN01_CMH_0012_01_01	70	Response	102	3694353	64813	1
SPN01_CMH_0012_01_01	71	Picture	rating_equal_to5	3694568	0	1	334	2	0	100	other	0
SPN01_CMH_0012_01_01	71	Response	102	3836661	142093	1
SPN01_CMH_0012_01_01	72	Picture	rating_equal_to4	3836828	0	1	334	2	0	100	other	0
SPN01_CMH_0012_01_01	75	Video	cvid_2	3910381	0	1			0		other	0
SPN01_CMH_0012_01_01	76	Picture	rating_equal_to7	3910548	0	1	168	2	0	100	other	0
SPN01_CMH_0012_01_01	76	Response	103	3950624	40076	7
SPN01_CMH_0012_01_01	77	Picture	rating_equal_to6	3950836	0	1	167	2	0	100	other	0
SPN01_CMH_0012_01_01	77	Response	102	3986975	36139	24
SPN01_CMH_0012_01_01	78	Picture	rating_equal_to5	3987278	0	1	335	2	0	100	other	0
SPN01_CMH_0012_01_01	78	Response	103	4036347	49069	1
SPN01_CMH_0012_01_01	79	Picture	rating_equal_to6	4036593	0	1	334	2	0	100	other	0
SPN01_CMH_0012_01_01	79	Response	102	4073896	37303	2
SPN01_CMH_0012_01_01	80	Picture	rating_equal_to5	4074038	0	1	335	2	0	100	other	0
SPN01_CMH_0012_01_01	80	Response	102	4076366	2328	1
SPN01_CMH_0012_01_01	81	Picture	rating_equal_to4	4076368	0	179	512	180	0	100	other	0
SPN01_CMH_0012_01_01	81	Response	102	4085081	8713	26
SPN01_CMH_0012_01_01	82	Picture	rating_equal_to3	4085406	0	1	334	2	0	100	other	0
SPN01_CMH_0012_01_01	82	Response	102	4086957	1551	1
SPN01_CMH_0012_01_01	83	Picture	rating_equal_to2	4087077	0	1	335	2	0	100	other	0
SPN01_CMH_0012_01_01	83	Response	102	4089006	1929	1
SPN01_CMH_0012_01_01	84	Picture	rating_equal_to1	4089083	0	1	335	2	0	100	other	0
SPN01_CMH_0012_01_01	84	Response	103	4111425	22342	3
SPN01_CMH_0012_01_01	85	Picture	rating_equal_to2	4111651	0	1	334	2	0	100	other	0
SPN01_CMH_0012_01_01	85	Response	103	4155955	44304	1
SPN01_CMH_0012_01_01	86	Picture	rating_equal_to3	4156117	0	1	335	2	0	100	other	0
SPN01_CMH_0012_01_01	86	Response	103	4162615	6498	1
SPN01_CMH_0012_01_01	87	Picture	rating_equal_to4	4162804	0	1	334	3	0	100	other	0
SPN01_CMH_0012_01_01	87	Response	103	4167425	4621	1
SPN01_CMH_0012_01_01	88	Picture	rating_equal_to5	4167485	0	1	334	2	0	100	other	0
SPN01_CMH_0012_01_01	88	Response	102	4195179	27694	38
SPN01_CMH_0012_01_01	89	Picture	rating_equal_to4	4195402	0	1	334	2	0	100	other	0
SPN01_CMH_0012_01_01	89	Response	102	4204724	9322	1
SPN01_CMH_0012_01_01	90	Picture	rating_equal_to3	4204763	0	1	334	3	0	100	other	0
SPN01_CMH_0012_01_01	90	Response	102	4209335	4572	1
SPN01_CMH_0012_01_01	91	Picture	rating_equal_to2	4209444	0	1	334	2	0	100	other	0
SPN01_CMH_0012_01_01	91	Response	102	4212294	2850	1
SPN01_CMH_0012_01_01	92	Picture	rating_equal_to1	4212453	0	1	334	2	0	100	other	0
SPN01_CMH_0012_01_01	92	Response	103	4222384	9931	2
SPN01_CMH_0012_01_01	93	Picture	rating_equal_to2	4222483	0	1	334	2	0	100	other	0
SPN01_CMH_0012_01_01	93	Response	102	4237854	15371	1
SPN01_CMH_0012_01_01	94	Picture	rating_equal_to1	4238030	0	1	334	2	0	100	other	0
SPN01_CMH_0012_01_01	94	Response	103	4270784	32754	1
SPN01_CMH_0012_01_01	95	Picture	rating_equal_to2	4270961	0	2	335	3	0	100	other	0
SPN01_CMH_0012_01_01	95	Response	103	4274443	3482	1
SPN01_CMH_0012_01_01	96	Picture	rating_equal_to3	4274472	0	1	167	2	0	100	other	0
SPN01_CMH_0012_01_01	96	Response	103	4278904	4432	1
SPN01_CMH_0012_01_01	97	Picture	rating_equal_to4	4278986	0	1	334	2	0	100	other	0
SPN01_CMH_0012_01_01	100	Video	vid_5	4362235	0	1			0		other	0
SPN01_CMH_0012_01_01	101	Picture	rating_equal_to4	4362402	0	1	167	2	0	100	other	0
SPN01_CMH_0012_01_01	101	Response	103	4393762	31360	1
SPN01_CMH_0012_01_01	102	Picture	rating_equal_to6	4393830	0	1	334	2	0	100	other	0
SPN01_CMH_0012_01_01	102	Response	103	4486366	92536	5
SPN01_CMH_0012_01_01	103	Picture	rating_equal_to7	4486608	0	1	167	2	0	100	other	0
SPN01_CMH_0012_01_01	103	Response	103	4541359	54751	1
SPN01_CMH_0012_01_01	104	Picture	rating_equal_to8	4541439	0	1	334	2	0	100	other	0
SPN01_CMH_0012_01_01	104	Response	102	4644917	103478	1
SPN01_CMH_0012_01_01	105	Picture	rating_equal_to7	4645082	0	1	335	2	0	100	other	0
SPN01_CMH_0012_01_01	105	Response	102	4648587	3505	1
SPN01_CMH_0012_01_01	106	Picture	rating_equal_to6	4648760	0	1	334	2	0	100	other	0
SPN01_CMH_0012_01_01	106	Response	102	4655137	6377	1
SPN01_CMH_0012_01_01	107	Picture	rating_equal_to5	4655280	0	1	167	2	0	100	other	0
SPN01_CMH_0012_01_01	107	Response	103	4709696	54416	1
SPN01_CMH_0012_01_01	108	Picture	rating_equal_to6	4709776	0	1	335	2	0	100	other	0
SPN01_CMH_0012_01_01	108	Response	103	4727745	17969	1
SPN01_CMH_0012_01_01	109	Picture	rating_equal_to7	4727997	0	2	335	3	0	100	other	0
SPN01_CMH_0012_01_01	109	Response	103	4927082	199085	1
SPN01_CMH_0012_01_01	110	Picture	rating_equal_to8	4927094	0	1	334	2	0	100	other	0
SPN01_CMH_0012_01_01	110	Response	103	4955592	28498	1
SPN01_CMH_0012_01_01	111	Picture	rating_equal_to9	4955680	0	1	334	2	0	100	other	0
SPN01_CMH_0012_01_01	111	Response	102	5322596	366916	1
SPN01_CMH_0012_01_01	112	Picture	rating_equal_to8	5322779	0	1	335	2	0	100	other	0
SPN01_CMH_0012_01_01	112	Response	103	5378604	55825	2
SPN01_CMH_0012_01_01	113	Picture	rating_equal_to9	5378781	0	1	334	2	0	100	other	0
